This is XeTeX, Version 3.1415926-2.2-0.9995.2 (TeX Live 2009/Debian) (format=xelatex 2010.8.26)  15 JAN 2011 13:23
entering extended mode
 \write18 enabled.
 %&-line parsing enabled.
**rgbulb.t
(/usr/share/texmf-texlive/tex/latex/tools/q.tex
! Interruption.
<to be read again> 
                   \begingroup 
l.1 
    %%
? q
OK, entering \batchmode...
LaTeX2e <2009/09/24>
Babel <v3.8l> and hyphenation patterns for english, usenglishmax, dumylang, noh
yphenation, ngerman, german, german-x-2009-06-19, ngerman-x-2009-06-19, loaded.

 File ignored
)
! Emergency stop.
<*> rgbulb.t
            
*** (job aborted, no legal \end found)

 
Here is how much of TeX's memory you used:
 7 strings out of 495683
 147 string characters out of 1187626
 45321 words of memory out of 3000000
 3252 multiletter control sequences out of 15000+50000
 3640 words of font info for 14 fonts, out of 3000000 for 9000
 28 hyphenation exceptions out of 8191
 5i,0n,1p,88b,8s stack positions out of 5000i,500n,10000p,200000b,50000s
No pages of output.
