\BOOKMARK [1][-]{section.1}{Konzept}{}
\BOOKMARK [1][-]{section.2}{Biologische Grundlagen}{}
\BOOKMARK [1][-]{section.3}{Technische Umsetzung}{}
\BOOKMARK [2][-]{subsection.3.1}{LED-Ansteuerung}{section.3}
\BOOKMARK [3][-]{subsubsection.3.1.1}{Notwendigkeit der Stromregelung}{subsection.3.1}
\BOOKMARK [3][-]{subsubsection.3.1.2}{Dimmen - Techniken}{subsection.3.1}
\BOOKMARK [3][-]{subsubsection.3.1.3}{Funktionsweise der PWM}{subsection.3.1}
\BOOKMARK [3][-]{subsubsection.3.1.4}{Pulsdichtemodulation}{subsection.3.1}
\BOOKMARK [3][-]{subsubsection.3.1.5}{Generierung scheinbar linearer Helligkeitverl\344ufe}{subsection.3.1}
\BOOKMARK [3][-]{subsubsection.3.1.6}{Umsetzung}{subsection.3.1}
\BOOKMARK [2][-]{subsection.3.2}{Kommunikationsprotokoll}{section.3}
\BOOKMARK [2][-]{subsection.3.3}{Kompatible Steuerger\344te}{section.3}
\BOOKMARK [1][-]{section.4}{Grundlagen der Elektroenzephalographie}{}
\BOOKMARK [2][-]{subsection.4.1}{Biologisch}{section.4}
\BOOKMARK [2][-]{subsection.4.2}{Elektrisch}{section.4}
\BOOKMARK [2][-]{subsection.4.3}{Mathematisch und Informatisch}{section.4}
\BOOKMARK [1][-]{section.5}{Arbeitsprozess der Platinenherstellung}{}
\BOOKMARK [1][-]{appendix.A}{Glossar}{}
\BOOKMARK [1][-]{appendix.B}{Literatur, Quellen etc.}{}
\BOOKMARK [1][-]{appendix.C}{Updates}{}
\BOOKMARK [1][-]{appendix.D}{Changelog}{}
